{"C:\\Users\\Bojan\\Desktop\\order-it\\src\\App.jsx": {"path":"C:\\Users\\Bojan\\Desktop\\order-it\\src\\App.jsx","statementMap":{"0":{"start":{"line":1,"column":0},"end":{"line":null,"column":-1}},"1":{"start":{"line":2,"column":0},"end":{"line":null,"column":-1}},"2":{"start":{"line":4,"column":0},"end":{"line":null,"column":-1}},"3":{"start":{"line":5,"column":0},"end":{"line":null,"column":-1}},"4":{"start":{"line":7,"column":12},"end":{"line":7,"column":0}},"5":{"start":{"line":8,"column":4},"end":{"line":null,"column":-1}}},"fnMap":{"0":{"name":"App","decl":{"start":{"line":7,"column":6},"end":{"line":7,"column":12}},"loc":{"start":{"line":7,"column":18},"end":{"line":7,"column":0}}}},"branchMap":{},"s":{"0":0,"1":0,"2":0,"3":0,"4":0,"5":0},"f":{"0":0},"b":{}}
,"C:\\Users\\Bojan\\Desktop\\order-it\\src\\Routes.jsx": {"path":"C:\\Users\\Bojan\\Desktop\\order-it\\src\\Routes.jsx","statementMap":{"0":{"start":{"line":1,"column":0},"end":{"line":null,"column":-1}},"1":{"start":{"line":2,"column":0},"end":{"line":null,"column":-1}},"2":{"start":{"line":3,"column":0},"end":{"line":null,"column":-1}},"3":{"start":{"line":5,"column":0},"end":{"line":null,"column":-1}},"4":{"start":{"line":7,"column":0},"end":{"line":null,"column":-1}},"5":{"start":{"line":8,"column":0},"end":{"line":null,"column":-1}},"6":{"start":{"line":9,"column":0},"end":{"line":null,"column":-1}},"7":{"start":{"line":10,"column":0},"end":{"line":null,"column":-1}},"8":{"start":{"line":11,"column":0},"end":{"line":null,"column":-1}},"9":{"start":{"line":13,"column":0},"end":{"line":null,"column":-1}},"10":{"start":{"line":14,"column":0},"end":{"line":null,"column":-1}},"11":{"start":{"line":18,"column":8},"end":{"line":null,"column":-1}}},"fnMap":{},"branchMap":{},"s":{"0":0,"1":0,"2":0,"3":0,"4":0,"5":0,"6":0,"7":0,"8":0,"9":0,"10":0,"11":0},"f":{},"b":{}}
,"C:\\Users\\Bojan\\Desktop\\order-it\\src\\Components\\AppContainer.jsx": {"path":"C:\\Users\\Bojan\\Desktop\\order-it\\src\\Components\\AppContainer.jsx","statementMap":{"0":{"start":{"line":1,"column":0},"end":{"line":null,"column":-1}},"1":{"start":{"line":2,"column":0},"end":{"line":null,"column":-1}},"2":{"start":{"line":3,"column":0},"end":{"line":null,"column":-1}},"3":{"start":{"line":4,"column":0},"end":{"line":null,"column":-1}},"4":{"start":{"line":5,"column":0},"end":{"line":null,"column":-1}},"5":{"start":{"line":7,"column":0},"end":{"line":null,"column":-1}},"6":{"start":{"line":8,"column":0},"end":{"line":null,"column":-1}},"7":{"start":{"line":10,"column":12},"end":{"line":10,"column":0}},"8":{"start":{"line":10,"column":12},"end":{"line":null,"column":-1}},"9":{"start":{"line":27,"column":8},"end":{"line":34,"column":9}},"10":{"start":{"line":28,"column":12},"end":{"line":null,"column":-1}},"11":{"start":{"line":29,"column":12},"end":{"line":null,"column":-1}},"12":{"start":{"line":31,"column":12},"end":{"line":null,"column":-1}},"13":{"start":{"line":33,"column":12},"end":{"line":null,"column":-1}},"14":{"start":{"line":38,"column":31},"end":{"line":37,"column":37}},"15":{"start":{"line":39,"column":8},"end":{"line":null,"column":-1}},"16":{"start":{"line":40,"column":8},"end":{"line":null,"column":-1}},"17":{"start":{"line":53,"column":65},"end":{"line":52,"column":13}},"18":{"start":{"line":52,"column":13},"end":{"line":52,"column":12}},"19":{"start":{"line":55,"column":8},"end":{"line":null,"column":-1}},"20":{"start":{"line":78,"column":24},"end":{"line":78,"column":0}},"21":{"start":{"line":79,"column":4},"end":{"line":null,"column":-1}},"22":{"start":{"line":84,"column":21},"end":{"line":84,"column":0}}},"fnMap":{"0":{"name":"Aux","decl":{"start":{"line":10,"column":6},"end":{"line":10,"column":12}},"loc":{"start":{"line":10,"column":12},"end":{"line":10,"column":0}}},"1":{"name":"value","decl":{"start":{"line":26,"column":26},"end":{"line":26,"column":31}},"loc":{"start":{"line":26,"column":32},"end":{"line":35,"column":5}}},"2":{"name":"value","decl":{"start":{"line":37,"column":24},"end":{"line":37,"column":36}},"loc":{"start":{"line":37,"column":37},"end":{"line":41,"column":5}}},"3":{"name":"mapStateToProps","decl":{"start":{"line":78,"column":6},"end":{"line":78,"column":24}},"loc":{"start":{"line":78,"column":33},"end":{"line":78,"column":0}}}},"branchMap":{"0":{"loc":{"start":{"line":40,"column":28},"end":{"line":40,"column":15}},"type":"cond-expr","locations":[{"start":{"line":40,"column":28},"end":{"line":40,"column":15}},{"start":{"line":40,"column":44},"end":{"line":40,"column":8}}]},"1":{"loc":{"start":{"line":56,"column":12},"end":{"line":55,"column":15}},"type":"cond-expr","locations":[{"start":{"line":56,"column":12},"end":{"line":55,"column":15}},{"start":{"line":64,"column":12},"end":{"line":55,"column":8}}]},"2":{"loc":{"start":{"line":57,"column":17},"end":{"line":57,"column":38}},"type":"binary-expr","locations":[{"start":{"line":57,"column":17},"end":{"line":57,"column":38}},{"start":{"line":57,"column":39},"end":{"line":56,"column":12}}]},"3":{"loc":{"start":{"line":59,"column":22},"end":{"line":58,"column":17}},"type":"cond-expr","locations":[{"start":{"line":59,"column":22},"end":{"line":58,"column":17}},{"start":{"line":60,"column":22},"end":{"line":56,"column":12}}]},"4":{"loc":{"start":{"line":61,"column":17},"end":{"line":61,"column":38}},"type":"binary-expr","locations":[{"start":{"line":61,"column":17},"end":{"line":61,"column":38}},{"start":{"line":61,"column":39},"end":{"line":null,"column":-1}}]}},"s":{"0":0,"1":0,"2":0,"3":0,"4":0,"5":0,"6":0,"7":0,"8":0,"9":0,"10":0,"11":0,"12":0,"13":0,"14":0,"15":0,"16":0,"17":0,"18":0,"19":0,"20":0,"21":0,"22":0},"f":{"0":0,"1":0,"2":0,"3":0},"b":{"0":[0,0],"1":[0,0],"2":[0,0],"3":[0,0],"4":[0,0]}}
,"C:\\Users\\Bojan\\Desktop\\order-it\\src\\Components\\Footer.jsx": {"path":"C:\\Users\\Bojan\\Desktop\\order-it\\src\\Components\\Footer.jsx","statementMap":{"0":{"start":{"line":1,"column":0},"end":{"line":null,"column":-1}},"1":{"start":{"line":5,"column":8},"end":{"line":null,"column":-1}}},"fnMap":{},"branchMap":{},"s":{"0":0,"1":0},"f":{},"b":{}}
,"C:\\Users\\Bojan\\Desktop\\order-it\\src\\Components\\Header.jsx": {"path":"C:\\Users\\Bojan\\Desktop\\order-it\\src\\Components\\Header.jsx","statementMap":{"0":{"start":{"line":1,"column":0},"end":{"line":null,"column":-1}},"1":{"start":{"line":5,"column":8},"end":{"line":null,"column":-1}}},"fnMap":{},"branchMap":{},"s":{"0":0,"1":0},"f":{},"b":{}}
,"C:\\Users\\Bojan\\Desktop\\order-it\\src\\Components\\Home.jsx": {"path":"C:\\Users\\Bojan\\Desktop\\order-it\\src\\Components\\Home.jsx","statementMap":{"0":{"start":{"line":1,"column":0},"end":{"line":null,"column":-1}},"1":{"start":{"line":5,"column":8},"end":{"line":null,"column":-1}}},"fnMap":{},"branchMap":{},"s":{"0":0,"1":0},"f":{},"b":{}}
,"C:\\Users\\Bojan\\Desktop\\order-it\\src\\Components\\Auth\\ActivateAccount.jsx": {"path":"C:\\Users\\Bojan\\Desktop\\order-it\\src\\Components\\Auth\\ActivateAccount.jsx","statementMap":{"0":{"start":{"line":16,"column":29},"end":{"line":16,"column":69}},"1":{"start":{"line":18,"column":8},"end":{"line":18,"column":74}},"2":{"start":{"line":22,"column":8},"end":{"line":22,"column":63}},"3":{"start":{"line":26,"column":8},"end":{"line":28,"column":10}},"4":{"start":{"line":32,"column":24},"end":{"line":36,"column":1}},"5":{"start":{"line":33,"column":4},"end":{"line":35,"column":6}},"6":{"start":{"line":38,"column":27},"end":{"line":44,"column":1}},"7":{"start":{"line":39,"column":4},"end":{"line":43,"column":6}},"8":{"start":{"line":41,"column":12},"end":{"line":41,"column":63}},"9":{"start":{"line":46,"column":24},"end":{"line":46,"column":86}}},"fnMap":{"0":{"name":"(anonymous_0)","decl":{"start":{"line":15,"column":4},"end":{"line":15,"column":5}},"loc":{"start":{"line":15,"column":24},"end":{"line":19,"column":5}},"line":15},"1":{"name":"(anonymous_1)","decl":{"start":{"line":21,"column":23},"end":{"line":21,"column":24}},"loc":{"start":{"line":21,"column":29},"end":{"line":23,"column":5}},"line":21},"2":{"name":"(anonymous_2)","decl":{"start":{"line":25,"column":4},"end":{"line":25,"column":5}},"loc":{"start":{"line":25,"column":13},"end":{"line":29,"column":5}},"line":25},"3":{"name":"(anonymous_3)","decl":{"start":{"line":32,"column":24},"end":{"line":32,"column":25}},"loc":{"start":{"line":32,"column":33},"end":{"line":36,"column":1}},"line":32},"4":{"name":"(anonymous_4)","decl":{"start":{"line":38,"column":27},"end":{"line":38,"column":28}},"loc":{"start":{"line":38,"column":39},"end":{"line":44,"column":1}},"line":38},"5":{"name":"(anonymous_5)","decl":{"start":{"line":40,"column":25},"end":{"line":40,"column":26}},"loc":{"start":{"line":40,"column":47},"end":{"line":42,"column":9}},"line":40}},"branchMap":{},"s":{"0":2,"1":2,"2":0,"3":2,"4":1,"5":0,"6":1,"7":0,"8":0,"9":1},"f":{"0":2,"1":0,"2":2,"3":0,"4":0,"5":0},"b":{},"_coverageSchema":"332fd63041d2c1bcb487cc26dd0d5f7d97098a6c","hash":"c01afd244d36150dd8431cec72aa6d53534dfb70"}
,"C:\\Users\\Bojan\\Desktop\\order-it\\src\\Components\\Auth\\AuthLanding.jsx": {"path":"C:\\Users\\Bojan\\Desktop\\order-it\\src\\Components\\Auth\\AuthLanding.jsx","statementMap":{"0":{"start":{"line":1,"column":0},"end":{"line":null,"column":-1}},"1":{"start":{"line":2,"column":0},"end":{"line":null,"column":-1}},"2":{"start":{"line":3,"column":0},"end":{"line":null,"column":-1}},"3":{"start":{"line":5,"column":0},"end":{"line":null,"column":-1}},"4":{"start":{"line":16,"column":8},"end":{"line":null,"column":-1}},"5":{"start":{"line":20,"column":53},"end":{"line":19,"column":13}},"6":{"start":{"line":19,"column":13},"end":{"line":19,"column":12}},"7":{"start":{"line":22,"column":8},"end":{"line":null,"column":-1}}},"fnMap":{},"branchMap":{},"s":{"0":0,"1":0,"2":0,"3":0,"4":0,"5":0,"6":0,"7":0},"f":{},"b":{}}
,"C:\\Users\\Bojan\\Desktop\\order-it\\src\\Components\\Auth\\ForgotPassword.jsx": {"path":"C:\\Users\\Bojan\\Desktop\\order-it\\src\\Components\\Auth\\ForgotPassword.jsx","statementMap":{"0":{"start":{"line":1,"column":0},"end":{"line":null,"column":-1}},"1":{"start":{"line":2,"column":0},"end":{"line":null,"column":-1}},"2":{"start":{"line":3,"column":0},"end":{"line":null,"column":-1}},"3":{"start":{"line":4,"column":0},"end":{"line":null,"column":-1}},"4":{"start":{"line":6,"column":0},"end":{"line":null,"column":-1}},"5":{"start":{"line":7,"column":0},"end":{"line":null,"column":-1}},"6":{"start":{"line":8,"column":0},"end":{"line":null,"column":-1}},"7":{"start":{"line":9,"column":0},"end":{"line":null,"column":-1}},"8":{"start":{"line":10,"column":0},"end":{"line":null,"column":-1}},"9":{"start":{"line":11,"column":0},"end":{"line":null,"column":-1}},"10":{"start":{"line":14,"column":23},"end":{"line":null,"column":-1}},"11":{"start":{"line":31,"column":8},"end":{"line":null,"column":-1}},"12":{"start":{"line":35,"column":8},"end":{"line":null,"column":-1}},"13":{"start":{"line":17,"column":8},"end":{"line":null,"column":-1}},"14":{"start":{"line":39,"column":60},"end":{"line":38,"column":13}},"15":{"start":{"line":38,"column":13},"end":{"line":38,"column":12}},"16":{"start":{"line":41,"column":8},"end":{"line":null,"column":-1}},"17":{"start":{"line":77,"column":24},"end":{"line":77,"column":0}},"18":{"start":{"line":78,"column":4},"end":{"line":null,"column":-1}},"19":{"start":{"line":85,"column":27},"end":{"line":85,"column":0}},"20":{"start":{"line":86,"column":4},"end":{"line":null,"column":-1}},"21":{"start":{"line":88,"column":12},"end":{"line":null,"column":-1}},"22":{"start":{"line":91,"column":12},"end":{"line":null,"column":-1}}},"fnMap":{"0":{"name":"ForgotPassword","decl":{"start":{"line":14,"column":4},"end":{"line":14,"column":15}},"loc":{"start":{"line":14,"column":23},"end":{"line":20,"column":5}}},"1":{"name":"value","decl":{"start":{"line":30,"column":19},"end":{"line":30,"column":24}},"loc":{"start":{"line":30,"column":25},"end":{"line":32,"column":5}}},"2":{"name":"value","decl":{"start":{"line":34,"column":24},"end":{"line":34,"column":24}},"loc":{"start":{"line":34,"column":41},"end":{"line":36,"column":5}}},"3":{"name":"mapStateToProps","decl":{"start":{"line":77,"column":6},"end":{"line":77,"column":24}},"loc":{"start":{"line":77,"column":33},"end":{"line":77,"column":0}}},"4":{"name":"mapDispatchToProps","decl":{"start":{"line":85,"column":6},"end":{"line":85,"column":27}},"loc":{"start":{"line":85,"column":39},"end":{"line":85,"column":0}}},"5":{"name":"forgotPassword","decl":{"start":{"line":87,"column":24},"end":{"line":87,"column":33}},"loc":{"start":{"line":87,"column":34},"end":{"line":86,"column":11}}},"6":{"name":"clearFormStatus","decl":{"start":{"line":90,"column":25},"end":{"line":90,"column":30}},"loc":{"start":{"line":90,"column":31},"end":{"line":92,"column":9}}}},"branchMap":{"0":{"loc":{"start":{"line":14,"column":23},"end":{"line":15,"column":13}},"type":"binary-expr","locations":[{"start":{"line":14,"column":23},"end":{"line":15,"column":13}},{"start":{"line":14,"column":23},"end":{"line":15,"column":13}}]}},"s":{"0":0,"1":0,"2":0,"3":0,"4":0,"5":0,"6":0,"7":0,"8":0,"9":0,"10":0,"11":0,"12":0,"13":0,"14":0,"15":0,"16":0,"17":0,"18":0,"19":0,"20":0,"21":0,"22":0},"f":{"0":0,"1":0,"2":0,"3":0,"4":0,"5":0,"6":0},"b":{"0":[0,0]}}
,"C:\\Users\\Bojan\\Desktop\\order-it\\src\\Components\\Auth\\Login.jsx": {"path":"C:\\Users\\Bojan\\Desktop\\order-it\\src\\Components\\Auth\\Login.jsx","statementMap":{"0":{"start":{"line":1,"column":0},"end":{"line":null,"column":-1}},"1":{"start":{"line":2,"column":0},"end":{"line":null,"column":-1}},"2":{"start":{"line":3,"column":0},"end":{"line":null,"column":-1}},"3":{"start":{"line":4,"column":0},"end":{"line":null,"column":-1}},"4":{"start":{"line":6,"column":0},"end":{"line":null,"column":-1}},"5":{"start":{"line":7,"column":0},"end":{"line":null,"column":-1}},"6":{"start":{"line":8,"column":0},"end":{"line":null,"column":-1}},"7":{"start":{"line":21,"column":8},"end":{"line":null,"column":-1}},"8":{"start":{"line":25,"column":33},"end":{"line":25,"column":8}},"9":{"start":{"line":28,"column":8},"end":{"line":null,"column":-1}},"10":{"start":{"line":41,"column":24},"end":{"line":41,"column":0}},"11":{"start":{"line":42,"column":4},"end":{"line":null,"column":-1}},"12":{"start":{"line":48,"column":27},"end":{"line":48,"column":0}},"13":{"start":{"line":49,"column":4},"end":{"line":null,"column":-1}},"14":{"start":{"line":51,"column":12},"end":{"line":null,"column":-1}},"15":{"start":{"line":54,"column":12},"end":{"line":null,"column":-1}},"16":{"start":{"line":59,"column":14},"end":{"line":59,"column":0}}},"fnMap":{"0":{"name":"value","decl":{"start":{"line":20,"column":21},"end":{"line":20,"column":26}},"loc":{"start":{"line":20,"column":27},"end":{"line":22,"column":5}}},"1":{"name":"mapStateToProps","decl":{"start":{"line":41,"column":6},"end":{"line":41,"column":24}},"loc":{"start":{"line":41,"column":33},"end":{"line":41,"column":0}}},"2":{"name":"mapDispatchToProps","decl":{"start":{"line":48,"column":6},"end":{"line":48,"column":27}},"loc":{"start":{"line":48,"column":39},"end":{"line":48,"column":0}}},"3":{"name":"login","decl":{"start":{"line":50,"column":15},"end":{"line":50,"column":15}},"loc":{"start":{"line":50,"column":45},"end":{"line":49,"column":11}}},"4":{"name":"clearFormStatus","decl":{"start":{"line":53,"column":25},"end":{"line":53,"column":30}},"loc":{"start":{"line":53,"column":31},"end":{"line":55,"column":9}}}},"branchMap":{"0":{"loc":{"start":{"line":25,"column":33},"end":{"line":25,"column":32}},"type":"binary-expr","locations":[{"start":{"line":25,"column":33},"end":{"line":25,"column":32}},{"start":{"line":26,"column":15},"end":{"line":25,"column":8}}]}},"s":{"0":0,"1":0,"2":0,"3":0,"4":0,"5":0,"6":0,"7":0,"8":0,"9":0,"10":0,"11":0,"12":0,"13":0,"14":0,"15":0,"16":0},"f":{"0":0,"1":0,"2":0,"3":0,"4":0},"b":{"0":[0,0]}}
,"C:\\Users\\Bojan\\Desktop\\order-it\\src\\Components\\Auth\\PasswordReset.jsx": {"path":"C:\\Users\\Bojan\\Desktop\\order-it\\src\\Components\\Auth\\PasswordReset.jsx","statementMap":{"0":{"start":{"line":1,"column":0},"end":{"line":null,"column":-1}},"1":{"start":{"line":2,"column":0},"end":{"line":null,"column":-1}},"2":{"start":{"line":3,"column":0},"end":{"line":null,"column":-1}},"3":{"start":{"line":4,"column":0},"end":{"line":null,"column":-1}},"4":{"start":{"line":5,"column":0},"end":{"line":null,"column":-1}},"5":{"start":{"line":7,"column":0},"end":{"line":null,"column":-1}},"6":{"start":{"line":8,"column":0},"end":{"line":null,"column":-1}},"7":{"start":{"line":9,"column":0},"end":{"line":null,"column":-1}},"8":{"start":{"line":10,"column":0},"end":{"line":null,"column":-1}},"9":{"start":{"line":11,"column":0},"end":{"line":null,"column":-1}},"10":{"start":{"line":12,"column":0},"end":{"line":null,"column":-1}},"11":{"start":{"line":15,"column":23},"end":{"line":null,"column":-1}},"12":{"start":{"line":33,"column":32},"end":{"line":33,"column":8}},"13":{"start":{"line":35,"column":8},"end":{"line":null,"column":-1}},"14":{"start":{"line":42,"column":8},"end":{"line":null,"column":-1}},"15":{"start":{"line":18,"column":8},"end":{"line":null,"column":-1}},"16":{"start":{"line":46,"column":60},"end":{"line":45,"column":13}},"17":{"start":{"line":45,"column":13},"end":{"line":45,"column":12}},"18":{"start":{"line":48,"column":8},"end":{"line":null,"column":-1}},"19":{"start":{"line":89,"column":24},"end":{"line":89,"column":0}},"20":{"start":{"line":90,"column":4},"end":{"line":null,"column":-1}},"21":{"start":{"line":97,"column":27},"end":{"line":97,"column":0}},"22":{"start":{"line":98,"column":4},"end":{"line":null,"column":-1}},"23":{"start":{"line":100,"column":12},"end":{"line":null,"column":-1}},"24":{"start":{"line":103,"column":12},"end":{"line":null,"column":-1}},"25":{"start":{"line":108,"column":22},"end":{"line":108,"column":0}}},"fnMap":{"0":{"name":"_ResetPassword","decl":{"start":{"line":15,"column":4},"end":{"line":15,"column":15}},"loc":{"start":{"line":15,"column":23},"end":{"line":21,"column":5}}},"1":{"name":"value","decl":{"start":{"line":32,"column":19},"end":{"line":32,"column":24}},"loc":{"start":{"line":32,"column":25},"end":{"line":39,"column":5}}},"2":{"name":"value","decl":{"start":{"line":41,"column":24},"end":{"line":41,"column":24}},"loc":{"start":{"line":41,"column":41},"end":{"line":43,"column":5}}},"3":{"name":"mapStateToProps","decl":{"start":{"line":89,"column":6},"end":{"line":89,"column":24}},"loc":{"start":{"line":89,"column":33},"end":{"line":89,"column":0}}},"4":{"name":"mapDispatchToProps","decl":{"start":{"line":97,"column":6},"end":{"line":97,"column":27}},"loc":{"start":{"line":97,"column":39},"end":{"line":97,"column":0}}},"5":{"name":"resetPassword","decl":{"start":{"line":99,"column":23},"end":{"line":99,"column":32}},"loc":{"start":{"line":99,"column":33},"end":{"line":98,"column":11}}},"6":{"name":"clearFormStatus","decl":{"start":{"line":102,"column":25},"end":{"line":102,"column":30}},"loc":{"start":{"line":102,"column":31},"end":{"line":104,"column":9}}}},"branchMap":{"0":{"loc":{"start":{"line":15,"column":23},"end":{"line":16,"column":13}},"type":"binary-expr","locations":[{"start":{"line":15,"column":23},"end":{"line":16,"column":13}},{"start":{"line":15,"column":23},"end":{"line":16,"column":13}}]},"1":{"loc":{"start":{"line":74,"column":21},"end":{"line":74,"column":20}},"type":"binary-expr","locations":[{"start":{"line":74,"column":21},"end":{"line":74,"column":20}},{"start":{"line":75,"column":23},"end":{"line":54,"column":16}}]}},"s":{"0":0,"1":0,"2":0,"3":0,"4":0,"5":0,"6":0,"7":0,"8":0,"9":0,"10":0,"11":0,"12":0,"13":0,"14":0,"15":0,"16":0,"17":0,"18":0,"19":0,"20":0,"21":0,"22":0,"23":0,"24":0,"25":0},"f":{"0":0,"1":0,"2":0,"3":0,"4":0,"5":0,"6":0},"b":{"0":[0,0],"1":[0,0]}}
,"C:\\Users\\Bojan\\Desktop\\order-it\\src\\Components\\Auth\\SignUp.jsx": {"path":"C:\\Users\\Bojan\\Desktop\\order-it\\src\\Components\\Auth\\SignUp.jsx","statementMap":{"0":{"start":{"line":1,"column":0},"end":{"line":null,"column":-1}},"1":{"start":{"line":2,"column":0},"end":{"line":null,"column":-1}},"2":{"start":{"line":3,"column":0},"end":{"line":null,"column":-1}},"3":{"start":{"line":5,"column":0},"end":{"line":null,"column":-1}},"4":{"start":{"line":6,"column":0},"end":{"line":null,"column":-1}},"5":{"start":{"line":7,"column":0},"end":{"line":null,"column":-1}},"6":{"start":{"line":19,"column":8},"end":{"line":null,"column":-1}},"7":{"start":{"line":32,"column":24},"end":{"line":32,"column":0}},"8":{"start":{"line":33,"column":4},"end":{"line":null,"column":-1}},"9":{"start":{"line":40,"column":27},"end":{"line":40,"column":0}},"10":{"start":{"line":41,"column":4},"end":{"line":null,"column":-1}},"11":{"start":{"line":43,"column":12},"end":{"line":null,"column":-1}},"12":{"start":{"line":46,"column":12},"end":{"line":null,"column":-1}}},"fnMap":{"0":{"name":"mapStateToProps","decl":{"start":{"line":32,"column":6},"end":{"line":32,"column":24}},"loc":{"start":{"line":32,"column":33},"end":{"line":32,"column":0}}},"1":{"name":"mapDispatchToProps","decl":{"start":{"line":40,"column":6},"end":{"line":40,"column":27}},"loc":{"start":{"line":40,"column":39},"end":{"line":40,"column":0}}},"2":{"name":"signUp","decl":{"start":{"line":42,"column":16},"end":{"line":42,"column":25}},"loc":{"start":{"line":42,"column":26},"end":{"line":41,"column":11}}},"3":{"name":"clearFormStatus","decl":{"start":{"line":45,"column":25},"end":{"line":45,"column":30}},"loc":{"start":{"line":45,"column":31},"end":{"line":47,"column":9}}}},"branchMap":{},"s":{"0":0,"1":0,"2":0,"3":0,"4":0,"5":0,"6":0,"7":0,"8":0,"9":0,"10":0,"11":0,"12":0},"f":{"0":0,"1":0,"2":0,"3":0},"b":{}}
,"C:\\Users\\Bojan\\Desktop\\order-it\\src\\Components\\Auth\\UserForm.jsx": {"path":"C:\\Users\\Bojan\\Desktop\\order-it\\src\\Components\\Auth\\UserForm.jsx","statementMap":{"0":{"start":{"line":1,"column":0},"end":{"line":null,"column":-1}},"1":{"start":{"line":2,"column":0},"end":{"line":null,"column":-1}},"2":{"start":{"line":3,"column":0},"end":{"line":null,"column":-1}},"3":{"start":{"line":4,"column":0},"end":{"line":null,"column":-1}},"4":{"start":{"line":6,"column":0},"end":{"line":null,"column":-1}},"5":{"start":{"line":7,"column":0},"end":{"line":null,"column":-1}},"6":{"start":{"line":8,"column":0},"end":{"line":null,"column":-1}},"7":{"start":{"line":9,"column":0},"end":{"line":null,"column":-1}},"8":{"start":{"line":10,"column":0},"end":{"line":null,"column":-1}},"9":{"start":{"line":13,"column":23},"end":{"line":null,"column":-1}},"10":{"start":{"line":33,"column":8},"end":{"line":null,"column":-1}},"11":{"start":{"line":39,"column":23},"end":{"line":39,"column":8}},"12":{"start":{"line":44,"column":8},"end":{"line":null,"column":-1}},"13":{"start":{"line":16,"column":8},"end":{"line":null,"column":-1}},"14":{"start":{"line":55,"column":12},"end":{"line":47,"column":13}},"15":{"start":{"line":47,"column":13},"end":{"line":47,"column":12}},"16":{"start":{"line":57,"column":8},"end":{"line":null,"column":-1}}},"fnMap":{"0":{"name":"UserForm","decl":{"start":{"line":13,"column":4},"end":{"line":13,"column":15}},"loc":{"start":{"line":13,"column":23},"end":{"line":20,"column":5}}},"1":{"name":"value","decl":{"start":{"line":32,"column":24},"end":{"line":32,"column":24}},"loc":{"start":{"line":32,"column":41},"end":{"line":36,"column":5}}},"2":{"name":"value","decl":{"start":{"line":38,"column":19},"end":{"line":38,"column":24}},"loc":{"start":{"line":38,"column":25},"end":{"line":45,"column":5}}}},"branchMap":{"0":{"loc":{"start":{"line":13,"column":23},"end":{"line":14,"column":13}},"type":"binary-expr","locations":[{"start":{"line":13,"column":23},"end":{"line":14,"column":13}},{"start":{"line":13,"column":23},"end":{"line":14,"column":13}}]},"1":{"loc":{"start":{"line":59,"column":54},"end":{"line":59,"column":31}},"type":"cond-expr","locations":[{"start":{"line":59,"column":54},"end":{"line":59,"column":31}},{"start":{"line":59,"column":68},"end":{"line":58,"column":12}}]},"2":{"loc":{"start":{"line":60,"column":50},"end":{"line":60,"column":27}},"type":"cond-expr","locations":[{"start":{"line":60,"column":50},"end":{"line":60,"column":27}},{"start":{"line":60,"column":60},"end":{"line":58,"column":12}}]},"3":{"loc":{"start":{"line":63,"column":17},"end":{"line":64,"column":18}},"type":"binary-expr","locations":[{"start":{"line":63,"column":17},"end":{"line":64,"column":18}},{"start":{"line":64,"column":19},"end":{"line":58,"column":12}}]},"4":{"loc":{"start":{"line":72,"column":60},"end":{"line":72,"column":37}},"type":"cond-expr","locations":[{"start":{"line":72,"column":60},"end":{"line":72,"column":37}},{"start":{"line":72,"column":77},"end":{"line":69,"column":16}}]},"5":{"loc":{"start":{"line":78,"column":60},"end":{"line":78,"column":37}},"type":"cond-expr","locations":[{"start":{"line":78,"column":60},"end":{"line":78,"column":37}},{"start":{"line":78,"column":75},"end":{"line":null,"column":-1}}]},"6":{"loc":{"start":{"line":81,"column":55},"end":{"line":81,"column":32}},"type":"cond-expr","locations":[{"start":{"line":81,"column":55},"end":{"line":81,"column":32}},{"start":{"line":81,"column":67},"end":{"line":80,"column":24}}]},"7":{"loc":{"start":{"line":84,"column":52},"end":{"line":84,"column":29}},"type":"cond-expr","locations":[{"start":{"line":84,"column":52},"end":{"line":84,"column":29}},{"start":{"line":84,"column":64},"end":{"line":null,"column":-1}}]},"8":{"loc":{"start":{"line":89,"column":48},"end":{"line":89,"column":25}},"type":"cond-expr","locations":[{"start":{"line":89,"column":48},"end":{"line":89,"column":25}},{"start":{"line":89,"column":58},"end":{"line":null,"column":-1}}]},"9":{"loc":{"start":{"line":108,"column":21},"end":{"line":108,"column":20}},"type":"binary-expr","locations":[{"start":{"line":108,"column":21},"end":{"line":108,"column":20}},{"start":{"line":109,"column":23},"end":{"line":69,"column":16}}]},"10":{"loc":{"start":{"line":115,"column":48},"end":{"line":115,"column":25}},"type":"cond-expr","locations":[{"start":{"line":115,"column":48},"end":{"line":115,"column":25}},{"start":{"line":115,"column":58},"end":{"line":null,"column":-1}}]}},"s":{"0":0,"1":0,"2":0,"3":0,"4":0,"5":0,"6":0,"7":0,"8":0,"9":0,"10":0,"11":0,"12":0,"13":0,"14":0,"15":0,"16":0},"f":{"0":0,"1":0,"2":0},"b":{"0":[0,0],"1":[0,0],"2":[0,0],"3":[0,0],"4":[0,0],"5":[0,0],"6":[0,0],"7":[0,0],"8":[0,0],"9":[0,0],"10":[0,0]}}
,"C:\\Users\\Bojan\\Desktop\\order-it\\src\\Components\\Profile\\Profile.jsx": {"path":"C:\\Users\\Bojan\\Desktop\\order-it\\src\\Components\\Profile\\Profile.jsx","statementMap":{"0":{"start":{"line":1,"column":0},"end":{"line":null,"column":-1}},"1":{"start":{"line":5,"column":8},"end":{"line":null,"column":-1}}},"fnMap":{},"branchMap":{},"s":{"0":0,"1":0},"f":{},"b":{}}
,"C:\\Users\\Bojan\\Desktop\\order-it\\src\\Components\\Shared\\Form.jsx": {"path":"C:\\Users\\Bojan\\Desktop\\order-it\\src\\Components\\Shared\\Form.jsx","statementMap":{"0":{"start":{"line":7,"column":8},"end":{"line":7,"column":21}},"1":{"start":{"line":9,"column":8},"end":{"line":9,"column":25}},"2":{"start":{"line":22,"column":33},"end":{"line":22,"column":96}},"3":{"start":{"line":22,"column":74},"end":{"line":22,"column":95}},"4":{"start":{"line":24,"column":8},"end":{"line":26,"column":9}},"5":{"start":{"line":25,"column":12},"end":{"line":25,"column":34}},"6":{"start":{"line":38,"column":12},"end":{"line":38,"column":22}},"7":{"start":{"line":40,"column":8},"end":{"line":69,"column":10}},"8":{"start":{"line":48,"column":20},"end":{"line":50,"column":21}},"9":{"start":{"line":49,"column":24},"end":{"line":49,"column":37}},"10":{"start":{"line":52,"column":20},"end":{"line":54,"column":32}},"11":{"start":{"line":53,"column":51},"end":{"line":53,"column":71}}},"fnMap":{"0":{"name":"(anonymous_0)","decl":{"start":{"line":6,"column":4},"end":{"line":6,"column":5}},"loc":{"start":{"line":6,"column":23},"end":{"line":10,"column":5}},"line":6},"1":{"name":"(anonymous_1)","decl":{"start":{"line":21,"column":19},"end":{"line":21,"column":20}},"loc":{"start":{"line":21,"column":25},"end":{"line":27,"column":5}},"line":21},"2":{"name":"(anonymous_2)","decl":{"start":{"line":22,"column":65},"end":{"line":22,"column":66}},"loc":{"start":{"line":22,"column":74},"end":{"line":22,"column":95}},"line":22},"3":{"name":"(anonymous_3)","decl":{"start":{"line":29,"column":4},"end":{"line":29,"column":5}},"loc":{"start":{"line":29,"column":13},"end":{"line":70,"column":5}},"line":29},"4":{"name":"(anonymous_4)","decl":{"start":{"line":47,"column":30},"end":{"line":47,"column":31}},"loc":{"start":{"line":47,"column":39},"end":{"line":55,"column":17}},"line":47},"5":{"name":"(anonymous_5)","decl":{"start":{"line":53,"column":43},"end":{"line":53,"column":44}},"loc":{"start":{"line":53,"column":49},"end":{"line":53,"column":73}},"line":53}},"branchMap":{"0":{"loc":{"start":{"line":24,"column":8},"end":{"line":26,"column":9}},"type":"if","locations":[{"start":{"line":24,"column":8},"end":{"line":26,"column":9}},{"start":{"line":24,"column":8},"end":{"line":26,"column":9}}],"line":24},"1":{"loc":{"start":{"line":48,"column":20},"end":{"line":50,"column":21}},"type":"if","locations":[{"start":{"line":48,"column":20},"end":{"line":50,"column":21}},{"start":{"line":48,"column":20},"end":{"line":50,"column":21}}],"line":48},"2":{"loc":{"start":{"line":52,"column":27},"end":{"line":54,"column":31}},"type":"cond-expr","locations":[{"start":{"line":53,"column":26},"end":{"line":53,"column":75}},{"start":{"line":54,"column":26},"end":{"line":54,"column":31}}],"line":52},"3":{"loc":{"start":{"line":56,"column":17},"end":{"line":61,"column":18}},"type":"binary-expr","locations":[{"start":{"line":56,"column":17},"end":{"line":56,"column":28}},{"start":{"line":57,"column":19},"end":{"line":61,"column":18}}],"line":56},"4":{"loc":{"start":{"line":62,"column":17},"end":{"line":67,"column":18}},"type":"binary-expr","locations":[{"start":{"line":62,"column":17},"end":{"line":62,"column":30}},{"start":{"line":63,"column":19},"end":{"line":67,"column":18}}],"line":62}},"s":{"0":5,"1":5,"2":2,"3":4,"4":2,"5":1,"6":5,"7":5,"8":12,"9":0,"10":12,"11":6},"f":{"0":5,"1":2,"2":4,"3":5,"4":12,"5":6},"b":{"0":[1,1],"1":[0,12],"2":[6,6],"3":[5,1],"4":[5,1]},"_coverageSchema":"332fd63041d2c1bcb487cc26dd0d5f7d97098a6c","hash":"b7551b6af23b8997179b46d9a7b38ff9502e1593"}
,"C:\\Users\\Bojan\\Desktop\\order-it\\src\\Components\\Shared\\Input.jsx": {"path":"C:\\Users\\Bojan\\Desktop\\order-it\\src\\Components\\Shared\\Input.jsx","statementMap":{"0":{"start":{"line":7,"column":8},"end":{"line":7,"column":21}},"1":{"start":{"line":9,"column":8},"end":{"line":13,"column":10}},"2":{"start":{"line":30,"column":27},"end":{"line":33,"column":9}},"3":{"start":{"line":37,"column":42},"end":{"line":37,"column":81}},"4":{"start":{"line":39,"column":8},"end":{"line":42,"column":11}},"5":{"start":{"line":44,"column":8},"end":{"line":44,"column":23}},"6":{"start":{"line":48,"column":21},"end":{"line":48,"column":38}},"7":{"start":{"line":49,"column":22},"end":{"line":49,"column":40}},"8":{"start":{"line":51,"column":8},"end":{"line":51,"column":33}},"9":{"start":{"line":53,"column":8},"end":{"line":53,"column":41}},"10":{"start":{"line":57,"column":8},"end":{"line":59,"column":11}},"11":{"start":{"line":61,"column":8},"end":{"line":61,"column":34}},"12":{"start":{"line":75,"column":12},"end":{"line":75,"column":22}},"13":{"start":{"line":77,"column":8},"end":{"line":94,"column":10}}},"fnMap":{"0":{"name":"(anonymous_0)","decl":{"start":{"line":6,"column":4},"end":{"line":6,"column":5}},"loc":{"start":{"line":6,"column":23},"end":{"line":14,"column":5}},"line":6},"1":{"name":"(anonymous_1)","decl":{"start":{"line":28,"column":18},"end":{"line":28,"column":19}},"loc":{"start":{"line":28,"column":24},"end":{"line":28,"column":26}},"line":28},"2":{"name":"(anonymous_2)","decl":{"start":{"line":29,"column":17},"end":{"line":29,"column":18}},"loc":{"start":{"line":29,"column":23},"end":{"line":29,"column":25}},"line":29},"3":{"name":"(anonymous_3)","decl":{"start":{"line":30,"column":20},"end":{"line":30,"column":21}},"loc":{"start":{"line":30,"column":27},"end":{"line":33,"column":9}},"line":30},"4":{"name":"(anonymous_4)","decl":{"start":{"line":36,"column":20},"end":{"line":36,"column":21}},"loc":{"start":{"line":36,"column":26},"end":{"line":45,"column":5}},"line":36},"5":{"name":"(anonymous_5)","decl":{"start":{"line":47,"column":24},"end":{"line":47,"column":25}},"loc":{"start":{"line":47,"column":33},"end":{"line":54,"column":5}},"line":47},"6":{"name":"(anonymous_6)","decl":{"start":{"line":56,"column":17},"end":{"line":56,"column":18}},"loc":{"start":{"line":56,"column":26},"end":{"line":62,"column":5}},"line":56},"7":{"name":"(anonymous_7)","decl":{"start":{"line":64,"column":4},"end":{"line":64,"column":5}},"loc":{"start":{"line":64,"column":13},"end":{"line":95,"column":5}},"line":64}},"branchMap":{"0":{"loc":{"start":{"line":87,"column":17},"end":{"line":92,"column":18}},"type":"binary-expr","locations":[{"start":{"line":87,"column":17},"end":{"line":87,"column":36}},{"start":{"line":88,"column":19},"end":{"line":92,"column":18}}],"line":87},"1":{"loc":{"start":{"line":90,"column":34},"end":{"line":90,"column":73}},"type":"binary-expr","locations":[{"start":{"line":90,"column":34},"end":{"line":90,"column":46}},{"start":{"line":90,"column":50},"end":{"line":90,"column":73}}],"line":90}},"s":{"0":10,"1":10,"2":0,"3":6,"4":6,"5":6,"6":5,"7":5,"8":5,"9":5,"10":1,"11":1,"12":25,"13":25},"f":{"0":10,"1":4,"2":1,"3":0,"4":6,"5":5,"6":1,"7":25},"b":{"0":[25,4],"1":[4,4]},"_coverageSchema":"332fd63041d2c1bcb487cc26dd0d5f7d97098a6c","hash":"c677ce266ce34486eeb2ff869583064032c90451"}
,"C:\\Users\\Bojan\\Desktop\\order-it\\src\\Components\\Shared\\Logo.jsx": {"path":"C:\\Users\\Bojan\\Desktop\\order-it\\src\\Components\\Shared\\Logo.jsx","statementMap":{"0":{"start":{"line":1,"column":0},"end":{"line":null,"column":-1}},"1":{"start":{"line":2,"column":0},"end":{"line":null,"column":-1}},"2":{"start":{"line":4,"column":13},"end":{"line":4,"column":0}},"3":{"start":{"line":5,"column":4},"end":{"line":null,"column":-1}}},"fnMap":{"0":{"name":"Logo","decl":{"start":{"line":4,"column":6},"end":{"line":4,"column":13}},"loc":{"start":{"line":4,"column":22},"end":{"line":4,"column":0}}}},"branchMap":{},"s":{"0":0,"1":0,"2":0,"3":0},"f":{"0":0},"b":{}}
}
