TN:
SF:C:\Users\Bojan\Desktop\order-it\src\App.jsx
FN:7,App
FNF:1
FNH:0
FNDA:0,App
DA:1,0
DA:2,0
DA:4,0
DA:5,0
DA:7,0
DA:8,0
LF:6
LH:0
BRF:0
BRH:0
end_of_record
TN:
SF:C:\Users\Bojan\Desktop\order-it\src\Routes.jsx
FNF:0
FNH:0
DA:1,0
DA:2,0
DA:3,0
DA:5,0
DA:7,0
DA:8,0
DA:9,0
DA:10,0
DA:11,0
DA:13,0
DA:14,0
DA:18,0
LF:12
LH:0
BRF:0
BRH:0
end_of_record
TN:
SF:C:\Users\Bojan\Desktop\order-it\src\Components\AppContainer.jsx
FN:10,Aux
FN:26,value
FN:37,value
FN:78,mapStateToProps
FNF:4
FNH:0
FNDA:0,Aux
FNDA:0,value
FNDA:0,value
FNDA:0,mapStateToProps
DA:1,0
DA:2,0
DA:3,0
DA:4,0
DA:5,0
DA:7,0
DA:8,0
DA:10,0
DA:27,0
DA:28,0
DA:29,0
DA:31,0
DA:33,0
DA:38,0
DA:39,0
DA:40,0
DA:52,0
DA:53,0
DA:55,0
DA:78,0
DA:79,0
DA:84,0
LF:22
LH:0
BRDA:40,0,0,0
BRDA:40,0,1,0
BRDA:56,1,0,0
BRDA:56,1,1,0
BRDA:57,2,0,0
BRDA:57,2,1,0
BRDA:59,3,0,0
BRDA:59,3,1,0
BRDA:61,4,0,0
BRDA:61,4,1,0
BRF:10
BRH:0
end_of_record
TN:
SF:C:\Users\Bojan\Desktop\order-it\src\Components\Footer.jsx
FNF:0
FNH:0
DA:1,0
DA:5,0
LF:2
LH:0
BRF:0
BRH:0
end_of_record
TN:
SF:C:\Users\Bojan\Desktop\order-it\src\Components\Header.jsx
FNF:0
FNH:0
DA:1,0
DA:5,0
LF:2
LH:0
BRF:0
BRH:0
end_of_record
TN:
SF:C:\Users\Bojan\Desktop\order-it\src\Components\Home.jsx
FNF:0
FNH:0
DA:1,0
DA:5,0
LF:2
LH:0
BRF:0
BRH:0
end_of_record
TN:
SF:C:\Users\Bojan\Desktop\order-it\src\Components\Auth\ActivateAccount.jsx
FN:15,(anonymous_0)
FN:21,(anonymous_1)
FN:25,(anonymous_2)
FN:32,(anonymous_3)
FN:38,(anonymous_4)
FN:40,(anonymous_5)
FNF:6
FNH:2
FNDA:2,(anonymous_0)
FNDA:0,(anonymous_1)
FNDA:2,(anonymous_2)
FNDA:0,(anonymous_3)
FNDA:0,(anonymous_4)
FNDA:0,(anonymous_5)
DA:16,2
DA:18,2
DA:22,0
DA:26,2
DA:32,1
DA:33,0
DA:38,1
DA:39,0
DA:41,0
DA:46,1
LF:10
LH:6
BRF:0
BRH:0
end_of_record
TN:
SF:C:\Users\Bojan\Desktop\order-it\src\Components\Auth\AuthLanding.jsx
FNF:0
FNH:0
DA:1,0
DA:2,0
DA:3,0
DA:5,0
DA:16,0
DA:19,0
DA:20,0
DA:22,0
LF:8
LH:0
BRF:0
BRH:0
end_of_record
TN:
SF:C:\Users\Bojan\Desktop\order-it\src\Components\Auth\ForgotPassword.jsx
FN:14,ForgotPassword
FN:30,value
FN:34,value
FN:77,mapStateToProps
FN:85,mapDispatchToProps
FN:87,forgotPassword
FN:90,clearFormStatus
FNF:7
FNH:0
FNDA:0,ForgotPassword
FNDA:0,value
FNDA:0,value
FNDA:0,mapStateToProps
FNDA:0,mapDispatchToProps
FNDA:0,forgotPassword
FNDA:0,clearFormStatus
DA:1,0
DA:2,0
DA:3,0
DA:4,0
DA:6,0
DA:7,0
DA:8,0
DA:9,0
DA:10,0
DA:11,0
DA:14,0
DA:17,0
DA:31,0
DA:35,0
DA:38,0
DA:39,0
DA:41,0
DA:77,0
DA:78,0
DA:85,0
DA:86,0
DA:88,0
DA:91,0
LF:23
LH:0
BRDA:14,0,0,0
BRDA:14,0,1,0
BRF:2
BRH:0
end_of_record
TN:
SF:C:\Users\Bojan\Desktop\order-it\src\Components\Auth\Login.jsx
FN:20,value
FN:41,mapStateToProps
FN:48,mapDispatchToProps
FN:50,login
FN:53,clearFormStatus
FNF:5
FNH:0
FNDA:0,value
FNDA:0,mapStateToProps
FNDA:0,mapDispatchToProps
FNDA:0,login
FNDA:0,clearFormStatus
DA:1,0
DA:2,0
DA:3,0
DA:4,0
DA:6,0
DA:7,0
DA:8,0
DA:21,0
DA:25,0
DA:28,0
DA:41,0
DA:42,0
DA:48,0
DA:49,0
DA:51,0
DA:54,0
DA:59,0
LF:17
LH:0
BRDA:25,0,0,0
BRDA:25,0,1,0
BRF:2
BRH:0
end_of_record
TN:
SF:C:\Users\Bojan\Desktop\order-it\src\Components\Auth\PasswordReset.jsx
FN:15,_ResetPassword
FN:32,value
FN:41,value
FN:89,mapStateToProps
FN:97,mapDispatchToProps
FN:99,resetPassword
FN:102,clearFormStatus
FNF:7
FNH:0
FNDA:0,_ResetPassword
FNDA:0,value
FNDA:0,value
FNDA:0,mapStateToProps
FNDA:0,mapDispatchToProps
FNDA:0,resetPassword
FNDA:0,clearFormStatus
DA:1,0
DA:2,0
DA:3,0
DA:4,0
DA:5,0
DA:7,0
DA:8,0
DA:9,0
DA:10,0
DA:11,0
DA:12,0
DA:15,0
DA:18,0
DA:33,0
DA:35,0
DA:42,0
DA:45,0
DA:46,0
DA:48,0
DA:89,0
DA:90,0
DA:97,0
DA:98,0
DA:100,0
DA:103,0
DA:108,0
LF:26
LH:0
BRDA:15,0,0,0
BRDA:15,0,1,0
BRDA:74,1,0,0
BRDA:74,1,1,0
BRF:4
BRH:0
end_of_record
TN:
SF:C:\Users\Bojan\Desktop\order-it\src\Components\Auth\SignUp.jsx
FN:32,mapStateToProps
FN:40,mapDispatchToProps
FN:42,signUp
FN:45,clearFormStatus
FNF:4
FNH:0
FNDA:0,mapStateToProps
FNDA:0,mapDispatchToProps
FNDA:0,signUp
FNDA:0,clearFormStatus
DA:1,0
DA:2,0
DA:3,0
DA:5,0
DA:6,0
DA:7,0
DA:19,0
DA:32,0
DA:33,0
DA:40,0
DA:41,0
DA:43,0
DA:46,0
LF:13
LH:0
BRF:0
BRH:0
end_of_record
TN:
SF:C:\Users\Bojan\Desktop\order-it\src\Components\Auth\UserForm.jsx
FN:13,UserForm
FN:32,value
FN:38,value
FNF:3
FNH:0
FNDA:0,UserForm
FNDA:0,value
FNDA:0,value
DA:1,0
DA:2,0
DA:3,0
DA:4,0
DA:6,0
DA:7,0
DA:8,0
DA:9,0
DA:10,0
DA:13,0
DA:16,0
DA:33,0
DA:39,0
DA:44,0
DA:47,0
DA:55,0
DA:57,0
LF:17
LH:0
BRDA:13,0,0,0
BRDA:13,0,1,0
BRDA:59,1,0,0
BRDA:59,1,1,0
BRDA:60,2,0,0
BRDA:60,2,1,0
BRDA:63,3,0,0
BRDA:63,3,1,0
BRDA:72,4,0,0
BRDA:72,4,1,0
BRDA:78,5,0,0
BRDA:78,5,1,0
BRDA:81,6,0,0
BRDA:81,6,1,0
BRDA:84,7,0,0
BRDA:84,7,1,0
BRDA:89,8,0,0
BRDA:89,8,1,0
BRDA:108,9,0,0
BRDA:108,9,1,0
BRDA:115,10,0,0
BRDA:115,10,1,0
BRF:22
BRH:0
end_of_record
TN:
SF:C:\Users\Bojan\Desktop\order-it\src\Components\Profile\Profile.jsx
FNF:0
FNH:0
DA:1,0
DA:5,0
LF:2
LH:0
BRF:0
BRH:0
end_of_record
TN:
SF:C:\Users\Bojan\Desktop\order-it\src\Components\Shared\Form.jsx
FN:6,(anonymous_0)
FN:21,(anonymous_1)
FN:22,(anonymous_2)
FN:29,(anonymous_3)
FN:47,(anonymous_4)
FN:53,(anonymous_5)
FNF:6
FNH:6
FNDA:5,(anonymous_0)
FNDA:2,(anonymous_1)
FNDA:4,(anonymous_2)
FNDA:5,(anonymous_3)
FNDA:12,(anonymous_4)
FNDA:6,(anonymous_5)
DA:7,5
DA:9,5
DA:22,4
DA:24,2
DA:25,1
DA:38,5
DA:40,5
DA:48,12
DA:49,0
DA:52,12
DA:53,6
LF:11
LH:10
BRDA:24,0,0,1
BRDA:24,0,1,1
BRDA:48,1,0,0
BRDA:48,1,1,12
BRDA:52,2,0,6
BRDA:52,2,1,6
BRDA:56,3,0,5
BRDA:56,3,1,1
BRDA:62,4,0,5
BRDA:62,4,1,1
BRF:10
BRH:9
end_of_record
TN:
SF:C:\Users\Bojan\Desktop\order-it\src\Components\Shared\Input.jsx
FN:6,(anonymous_0)
FN:28,(anonymous_1)
FN:29,(anonymous_2)
FN:30,(anonymous_3)
FN:36,(anonymous_4)
FN:47,(anonymous_5)
FN:56,(anonymous_6)
FN:64,(anonymous_7)
FNF:8
FNH:7
FNDA:10,(anonymous_0)
FNDA:4,(anonymous_1)
FNDA:1,(anonymous_2)
FNDA:0,(anonymous_3)
FNDA:6,(anonymous_4)
FNDA:5,(anonymous_5)
FNDA:1,(anonymous_6)
FNDA:25,(anonymous_7)
DA:7,10
DA:9,10
DA:30,0
DA:37,6
DA:39,6
DA:44,6
DA:48,5
DA:49,5
DA:51,5
DA:53,5
DA:57,1
DA:61,1
DA:75,25
DA:77,25
LF:14
LH:13
BRDA:87,0,0,25
BRDA:87,0,1,4
BRDA:90,1,0,4
BRDA:90,1,1,4
BRF:4
BRH:4
end_of_record
TN:
SF:C:\Users\Bojan\Desktop\order-it\src\Components\Shared\Logo.jsx
FN:4,Logo
FNF:1
FNH:0
FNDA:0,Logo
DA:1,0
DA:2,0
DA:4,0
DA:5,0
LF:4
LH:0
BRF:0
BRH:0
end_of_record
